<?xml version="1.0" encoding="UTF-8"?>
<!-- Generated by org.testng.reporters.JUnitXMLReporter -->
<testsuite ignored="3" hostname="LAPTOP-36QH3DNI" failures="0" tests="1" name="Chrome test" time="50.678" errors="0" timestamp="2024-06-17T12:26:20 IST">
  <testcase classname="testscript.Logintest" name="verifyTheUserAbleToLoginInValidCredentials1" time="13.845"/>
  <testcase classname="testscript.Logintest" name="verifyTheUserAbleToLoginInValidCredentials" time="0.0">
    <ignored/>
  </testcase> <!-- verifyTheUserAbleToLoginInValidCredentials -->
  <testcase classname="testscript.Logintest" name="verifyTheUserAbleToLoginValidCredentials" time="0.0">
    <ignored/>
  </testcase> <!-- verifyTheUserAbleToLoginValidCredentials -->
  <testcase classname="testscript.Logintest" name="verifyTheUserAbleToLoginInValidCredentials2" time="0.0">
    <ignored/>
  </testcase> <!-- verifyTheUserAbleToLoginInValidCredentials2 -->
</testsuite> <!-- Chrome test -->
