<?xml version="1.0" encoding="UTF-8"?>
<!-- Generated by org.testng.reporters.JUnitXMLReporter -->
<testsuite ignored="0" hostname="LAPTOP-36QH3DNI" failures="0" tests="4" name="Test" time="56.943" errors="0" timestamp="2024-06-11T14:57:31 IST">
  <testcase classname="testscript.Logintest" name="verifyTheUserAbleToLoginInValidCredentials" time="3.058"/>
  <testcase classname="testscript.Logintest" name="verifyTheUserAbleToLoginInValidCredentials1" time="1.432"/>
  <testcase classname="testscript.Logintest" name="verifyTheUserAbleToLoginInValidCredentials2" time="0.43"/>
  <testcase classname="testscript.Logintest" name="verifyTheUserAbleToLoginValidCredentials" time="0.772"/>
</testsuite> <!-- Test -->
