<?xml version="1.0" encoding="UTF-8"?>
<!-- Generated by org.testng.reporters.JUnitXMLReporter -->
<testsuite ignored="3" hostname="LAPTOP-36QH3DNI" failures="0" tests="1" name="Edge Test" time="39.738" errors="0" timestamp="2024-06-17T11:58:27 IST">
  <testcase classname="testscript.Logintest" name="verifyTheUserAbleToLoginValidCredentials" time="7.177"/>
  <testcase classname="testscript.Logintest" name="verifyTheUserAbleToLoginInValidCredentials" time="0.0">
    <ignored/>
  </testcase> <!-- verifyTheUserAbleToLoginInValidCredentials -->
  <testcase classname="testscript.Logintest" name="verifyTheUserAbleToLoginInValidCredentials1" time="0.0">
    <ignored/>
  </testcase> <!-- verifyTheUserAbleToLoginInValidCredentials1 -->
  <testcase classname="testscript.Logintest" name="verifyTheUserAbleToLoginInValidCredentials2" time="0.0">
    <ignored/>
  </testcase> <!-- verifyTheUserAbleToLoginInValidCredentials2 -->
</testsuite> <!-- Edge Test -->
